Log file open, 08/11/18 15:22:24
LogWindows: Failed to load 'aqProf.dll' (GetLastError=126)
LogWindows: File 'aqProf.dll' does not exist
LogWindows: Failed to load 'VSPerf140.dll' (GetLastError=126)
LogWindows: File 'VSPerf140.dll' does not exist
LogWindows: Failed to load 'VtuneApi.dll' (GetLastError=126)
LogWindows: File 'VtuneApi.dll' does not exist
LogWindows: Failed to load 'VtuneApi32e.dll' (GetLastError=126)
LogWindows: File 'VtuneApi32e.dll' does not exist
LogInit: Display: Running engine for game: NVJads
LogPlatformFile: Not using cached read wrapper
LogTaskGraph: Started task graph with 5 named threads and 35 total threads with 3 sets of task threads.
LogStats: Stats thread started at 0.405343
LogD3D11RHI: Loaded GFSDK_Aftermath_Lib.x64.dll
LogICUInternationalization: Display: ICU TimeZone Detection - Raw Offset: -3:00, Platform Override: ''
LogPluginManager: Mounting plugin Paper2D
LogPluginManager: Mounting plugin AISupport
LogPluginManager: Mounting plugin LightPropagationVolume
LogPluginManager: Mounting plugin CLionSourceCodeAccess
LogPluginManager: Mounting plugin CodeLiteSourceCodeAccess
LogPluginManager: Mounting plugin GitSourceControl
LogPluginManager: Mounting plugin KDevelopSourceCodeAccess
LogPluginManager: Mounting plugin NullSourceCodeAccess
LogPluginManager: Mounting plugin PerforceSourceControl
LogPluginManager: Mounting plugin SubversionSourceControl
LogPluginManager: Mounting plugin UObjectPlugin
LogPluginManager: Mounting plugin VisualStudioCodeSourceCodeAccess
LogPluginManager: Mounting plugin VisualStudioSourceCodeAccess
LogPluginManager: Mounting plugin XCodeSourceCodeAccess
LogPluginManager: Mounting plugin AssetManagerEditor
LogPluginManager: Mounting plugin CryptoKeys
LogPluginManager: Mounting plugin DataValidation
LogPluginManager: Mounting plugin FacialAnimation
LogPluginManager: Mounting plugin GameplayTagsEditor
LogPluginManager: Mounting plugin MacGraphicsSwitching
LogPluginManager: Mounting plugin MeshEditor
LogPluginManager: Mounting plugin MobileLauncherProfileWizard
LogPluginManager: Mounting plugin PluginBrowser
LogPluginManager: Mounting plugin SpeedTreeImporter
LogPluginManager: Mounting plugin DatasmithContent
LogPluginManager: Mounting plugin AlembicImporter
LogPluginManager: Mounting plugin AppleImageUtils
LogPluginManager: Mounting plugin AppleVision
LogPluginManager: Mounting plugin BackChannel
LogPluginManager: Mounting plugin CharacterAI
LogPluginManager: Mounting plugin GeometryCache
LogPluginManager: Mounting plugin HTML5Networking
LogPluginManager: Mounting plugin ProxyLODPlugin
LogPluginManager: Mounting plugin MagicLeap
LogPluginManager: Mounting plugin MagicLeapEmulator
LogPluginManager: Mounting plugin MagicLeapMedia
LogPluginManager: Mounting plugin AndroidMedia
LogPluginManager: Mounting plugin AvfMedia
LogPluginManager: Mounting plugin ImgMedia
LogPluginManager: Mounting plugin LinearTimecode
LogPluginManager: Mounting plugin MediaCompositing
LogPluginManager: Mounting plugin MediaPlayerEditor
LogPluginManager: Mounting plugin WmfMedia
LogPluginManager: Mounting plugin TcpMessaging
LogPluginManager: Mounting plugin UdpMessaging
LogPluginManager: Mounting plugin ActorSequence
LogPluginManager: Mounting plugin LevelSequenceEditor
LogPluginManager: Mounting plugin MatineeToLevelSequence
LogPluginManager: Mounting plugin NetcodeUnitTest
LogPluginManager: Mounting plugin NUTUnrealEngine4
LogPluginManager: Mounting plugin OnlineSubsystemGooglePlay
LogPluginManager: Mounting plugin OnlineSubsystemIOS
LogPluginManager: Mounting plugin OnlineSubsystem
LogPluginManager: Mounting plugin OnlineSubsystemNull
LogPluginManager: Mounting plugin OnlineSubsystemUtils
LogPluginManager: Mounting plugin LauncherChunkInstaller
LogPluginManager: Mounting plugin AndroidDeviceProfileSelector
LogPluginManager: Mounting plugin AndroidMoviePlayer
LogPluginManager: Mounting plugin AndroidPermission
LogPluginManager: Mounting plugin AppleMoviePlayer
LogPluginManager: Mounting plugin ArchVisCharacter
LogPluginManager: Mounting plugin AudioCapture
LogPluginManager: Mounting plugin CableComponent
LogPluginManager: Mounting plugin CustomMeshComponent
LogPluginManager: Mounting plugin EditableMesh
LogPluginManager: Mounting plugin ExampleDeviceProfileSelector
LogPluginManager: Mounting plugin GoogleCloudMessaging
LogPluginManager: Mounting plugin ImmediatePhysics
LogPluginManager: Mounting plugin IOSDeviceProfileSelector
LogPluginManager: Mounting plugin LinuxDeviceProfileSelector
LogPluginManager: Mounting plugin LocationServicesBPLibrary
LogPluginManager: Mounting plugin MobilePatchingUtils
LogPluginManager: Mounting plugin OculusVR
LogPluginManager: Plugin shader directory ../../../Engine/Plugins/Runtime/Oculus/OculusVR/Shaders found
LogPluginManager: Mapping shader source directory ../../../Engine/Plugins/Runtime/Oculus/OculusVR/Shaders to virtual directory /Plugin/OculusVR
LogPluginManager: Mounting plugin PhysXVehicles
LogPluginManager: Mounting plugin ProceduralMeshComponent
LogPluginManager: Mounting plugin RuntimePhysXCooking
LogPluginManager: Mounting plugin SteamVR
LogPluginManager: Mounting plugin WindowsMoviePlayer
LogStreaming: Display: Took  0.098s to configure plugins.
LogInit: Using libcurl 7.55.1-DEV
LogInit:  - built for x86_64-pc-win32
LogInit:  - supports SSL with OpenSSL/1.0.2h
LogInit:  - supports HTTP deflate (compression) using libz 1.2.8
LogInit:  - other features:
LogInit:      CURL_VERSION_SSL
LogInit:      CURL_VERSION_LIBZ
LogInit:      CURL_VERSION_IPV6
LogInit:      CURL_VERSION_ASYNCHDNS
LogInit:      CURL_VERSION_LARGEFILE
LogInit:      CURL_VERSION_IDN
LogInit:  CurlRequestOptions (configurable via config and command line):
LogInit:  - bVerifyPeer = false  - Libcurl will NOT verify peer certificate
LogInit:  - bUseHttpProxy = false  - Libcurl will NOT use HTTP proxy
LogInit:  - bDontReuseConnections = false  - Libcurl will reuse connections
LogInit:  - CertBundlePath = nullptr  - Libcurl will use whatever was configured at build time.
LogInit:  - MaxHostConnections = 16  - Libcurl will limit the number of connections to a host
LogInit:  - LocalHostAddr = Default
LogInit:  - BufferSize = 65536
LogInit: WinSock: version 1.1 (2.2), MaxSocks=32767, MaxUdp=65467
LogInit: Build: ++UE4+Release-4.20-CL-4233996
LogInit: Engine Version: 4.20.1-4233996+++UE4+Release-4.20
LogInit: Compatible Engine Version: 4.20.0-4212847+++UE4+Release-4.20
LogInit: Net CL: 4212847
LogInit: OS: Windows 10 (), CPU: Intel(R) Core(TM) i7-6850K CPU @ 3.60GHz, GPU: NVIDIA GeForce GTX 1080
LogInit: Compiled (64-bit): Jul 26 2018 10:07:30
LogInit: Compiled with Visual C++: 19.13.26129.00
LogInit: Build Configuration: Development
LogInit: Branch Name: ++UE4+Release-4.20
LogInit: Command Line:  
LogInit: Base Directory: D:/_Unreal Engine/UE_4.20/Engine/Binaries/Win64/
LogInit: Installed Engine Build: 1
LogDevObjectVersion: Number of dev versions registered: 20
LogDevObjectVersion:   Dev-Blueprints (B0D832E4-1F89-4F0D-ACCF-7EB736FD4AA2): 10
LogDevObjectVersion:   Dev-Build (E1C64328-A22C-4D53-A36C-8E866417BD8C): 0
LogDevObjectVersion:   Dev-Core (375EC13C-06E4-48FB-B500-84F0262A717E): 2
LogDevObjectVersion:   Dev-Editor (E4B068ED-F494-42E9-A231-DA0B2E46BB41): 24
LogDevObjectVersion:   Dev-Framework (CFFC743F-43B0-4480-9391-14DF171D2073): 34
LogDevObjectVersion:   Dev-Mobile (B02B49B5-BB20-44E9-A304-32B752E40360): 2
LogDevObjectVersion:   Dev-Networking (A4E4105C-59A1-49B5-A7C5-40C4547EDFEE): 0
LogDevObjectVersion:   Dev-Online (39C831C9-5AE6-47DC-9A44-9C173E1C8E7C): 0
LogDevObjectVersion:   Dev-Physics (78F01B33-EBEA-4F98-B9B4-84EACCB95AA2): 0
LogDevObjectVersion:   Dev-Platform (6631380F-2D4D-43E0-8009-CF276956A95A): 0
LogDevObjectVersion:   Dev-Rendering (12F88B9F-8875-4AFC-A67C-D90C383ABD29): 26
LogDevObjectVersion:   Dev-Sequencer (7B5AE74C-D270-4C10-A958-57980B212A5A): 9
LogDevObjectVersion:   Dev-VR (D7296918-1DD6-4BDD-9DE2-64A83CC13884): 2
LogDevObjectVersion:   Dev-LoadTimes (C2A15278-BFE7-4AFE-6C17-90FF531DF755): 1
LogDevObjectVersion:   Private-Geometry (6EACA3D4-40EC-4CC1-B786-8BED09428FC5): 3
LogDevObjectVersion:   Dev-AnimPhys (29E575DD-E0A3-4627-9D10-D276232CDCEA): 17
LogDevObjectVersion:   Dev-ReflectionCapture (6B266CEC-1EC7-4B8F-A30B-E4D90942FC07): 1
LogDevObjectVersion:   Dev-Automation (0DF73D61-A23F-47EA-B727-89E90C41499A): 1
LogDevObjectVersion:   FortniteMain (601D1886-AC64-4F84-AA16-D3DE0DEAC7D6): 12
LogDevObjectVersion:   Dev-Enterprise (9DFFBCD6-494F-0158-E221-12823C92A888): 1
LogStreaming: Display: Took  0.000s to delete old logs.
LogInit: Presizing for max 8388607 objects, including 0 objects not considered by GC, pre-allocating 0 bytes for permanent pool.
LogInit: Object subsystem initialized
[2018.08.11-18.22.24:541][  0]LogInit: Selected Device Profile: [Windows]
[2018.08.11-18.22.24:541][  0]LogInit: Applying CVar settings loaded from the selected device profile: [Windows]
[2018.08.11-18.22.24:558][  0]LogHAL: Display: Platform has ~ 32 GB [34267992064 / 34359738368 / 32], which maps to Largest [LargestMinGB=32, LargerMinGB=12, DefaultMinGB=8, SmallerMinGB=6, SmallestMinGB=0)
[2018.08.11-18.22.24:558][  0]LogInit: Setting Device Profile CVar: [[r.Vulkan.UseRealUBs:1]]
[2018.08.11-18.22.24:558][  0]LogInit: Going up to parent DeviceProfile []
[2018.08.11-18.22.24:558][  0]LogInit: Computer: WINHOME
[2018.08.11-18.22.24:558][  0]LogInit: User: nevii
[2018.08.11-18.22.24:558][  0]LogInit: CPU Page size=4096, Cores=6
[2018.08.11-18.22.24:558][  0]LogInit: High frequency timer resolution =3.513590 MHz
[2018.08.11-18.22.24:558][  0]LogMemory: Memory total: Physical=31.9GB (32GB approx)
[2018.08.11-18.22.24:558][  0]LogMemory: Platform Memory Stats for Windows
[2018.08.11-18.22.24:558][  0]LogMemory: Process Physical Memory: 101.40 MB used, 101.40 MB peak
[2018.08.11-18.22.24:558][  0]LogMemory: Process Virtual Memory: 86.04 MB used, 86.04 MB peak
[2018.08.11-18.22.24:558][  0]LogMemory: Physical Memory: 6326.21 MB used,  26354.29 MB free, 32680.50 MB total
[2018.08.11-18.22.24:558][  0]LogMemory: Virtual Memory: 4656.15 MB used,  26354.29 MB free, 134217728.00 MB total
[2018.08.11-18.22.24:576][  0]LogInit: Overriding language with editor language configuration option (en).
[2018.08.11-18.22.24:576][  0]LogInit: Overriding locale with editor locale configuration option (en).
[2018.08.11-18.22.24:900][  0]LogStreaming: Display: Took  0.323s to InitEngineTextLocalization.
[2018.08.11-18.22.24:900][  0]LogInit: Setting process to per monitor DPI aware
[2018.08.11-18.22.24:954][  0]LogSlate: New Slate User Created.  User Index 0, Is Virtual User: 0
[2018.08.11-18.22.24:954][  0]LogSlate: Slate User Registered.  User Index 0, Is Virtual User: 0
[2018.08.11-18.22.25:155][  0]LogHMD: Failed to initialize OpenVR with code 110
[2018.08.11-18.22.25:155][  0]LogD3D11RHI: D3D11 adapters:
[2018.08.11-18.22.25:213][  0]LogD3D11RHI:    0. 'NVIDIA GeForce GTX 1080' (Feature Level 11_0)
[2018.08.11-18.22.25:213][  0]LogD3D11RHI:       8079/0/16340 MB DedicatedVideo/DedicatedSystem/SharedSystem, Outputs:2, VendorId:0x10de
[2018.08.11-18.22.25:215][  0]LogD3D11RHI:    1. 'Microsoft Basic Render Driver' (Feature Level 11_0)
[2018.08.11-18.22.25:215][  0]LogD3D11RHI:       0/0/16340 MB DedicatedVideo/DedicatedSystem/SharedSystem, Outputs:0, VendorId:0x1414
[2018.08.11-18.22.25:215][  0]LogD3D11RHI: Chosen D3D11 Adapter: 0
[2018.08.11-18.22.25:222][  0]LogD3D11RHI: Creating new Direct3DDevice
[2018.08.11-18.22.25:222][  0]LogD3D11RHI:     GPU DeviceId: 0x1b80 (for the marketing name, search the web for "GPU Device Id")
[2018.08.11-18.22.25:222][  0]LogWindows: EnumDisplayDevices:
[2018.08.11-18.22.25:222][  0]LogWindows:    0. 'NVIDIA GeForce GTX 1080' (P:1 D:1)
[2018.08.11-18.22.25:222][  0]LogWindows:    1. 'NVIDIA GeForce GTX 1080' (P:0 D:1)
[2018.08.11-18.22.25:223][  0]LogWindows:    2. 'NVIDIA GeForce GTX 1080' (P:0 D:0)
[2018.08.11-18.22.25:223][  0]LogWindows:    3. 'NVIDIA GeForce GTX 1080' (P:0 D:0)
[2018.08.11-18.22.25:223][  0]LogWindows: DebugString: FoundDriverCount:4 
[2018.08.11-18.22.25:223][  0]LogD3D11RHI:     Adapter Name: NVIDIA GeForce GTX 1080
[2018.08.11-18.22.25:223][  0]LogD3D11RHI:   Driver Version: 398.36 (internal:24.21.13.9836, unified:398.36)
[2018.08.11-18.22.25:223][  0]LogD3D11RHI:      Driver Date: 6-24-2018
[2018.08.11-18.22.25:223][  0]LogRHI: Texture pool is 5655 MB (70% of 8079 MB)
[2018.08.11-18.22.25:251][  0]LogD3D11RHI: Async texture creation enabled
[2018.08.11-18.22.25:267][  0]LogD3D11RHI: GPU Timing Frequency: 1000.000000 (Debug: 2 2)
[2018.08.11-18.22.25:364][  0]LogShaderCompilers: Guid format shader working directory is -12 characters bigger than the processId version (C:/Users/nevii/Documents/GitHub/Projetos/UE4Script/NVJads/Intermediate/Shaders/WorkingDirectory/25556/).
[2018.08.11-18.22.25:364][  0]LogShaderCompilers: Cleaned the shader compiler working directory 'C:/Users/nevii/AppData/Local/Temp/UnrealShaderWorkingDir/7803E3D44E4B696D16888DA4C3BC9A47/'.
[2018.08.11-18.22.25:783][  0]LogTemp: Display: Loaded TP AllDesktopTargetPlatform
[2018.08.11-18.22.25:804][  0]LogTemp: Display: Loaded TP MacClientTargetPlatform
[2018.08.11-18.22.25:817][  0]LogTemp: Display: Loaded TP MacNoEditorTargetPlatform
[2018.08.11-18.22.25:835][  0]LogTemp: Display: Loaded TP MacServerTargetPlatform
[2018.08.11-18.22.25:847][  0]LogTemp: Display: Loaded TP MacTargetPlatform
[2018.08.11-18.22.25:858][  0]LogTemp: Display: Loaded TP WindowsClientTargetPlatform
[2018.08.11-18.22.25:869][  0]LogTemp: Display: Loaded TP WindowsNoEditorTargetPlatform
[2018.08.11-18.22.25:880][  0]LogTemp: Display: Loaded TP WindowsServerTargetPlatform
[2018.08.11-18.22.25:885][  0]LogTemp: Display: Loaded TP WindowsTargetPlatform
[2018.08.11-18.22.25:957][  0]LogTemp: Display: Loaded TP AndroidTargetPlatform
[2018.08.11-18.22.25:957][  0]LogTemp: Display: Loaded TP AndroidTargetPlatform
[2018.08.11-18.22.25:957][  0]LogTemp: Display: Loaded TP AndroidTargetPlatform
[2018.08.11-18.22.25:957][  0]LogTemp: Display: Loaded TP AndroidTargetPlatform
[2018.08.11-18.22.25:957][  0]LogTemp: Display: Loaded TP AndroidTargetPlatform
[2018.08.11-18.22.25:957][  0]LogTemp: Display: Loaded TP AndroidTargetPlatform
[2018.08.11-18.22.25:957][  0]LogTemp: Display: Loaded TP AndroidTargetPlatform
[2018.08.11-18.22.25:957][  0]LogTemp: Display: Loaded TP AndroidTargetPlatform
[2018.08.11-18.22.25:957][  0]LogTemp: Display: Loaded TP AndroidTargetPlatform
[2018.08.11-18.22.25:957][  0]LogTemp: Display: Loaded TP AndroidTargetPlatform
[2018.08.11-18.22.25:957][  0]LogTemp: Display: Loaded TP AndroidTargetPlatform
[2018.08.11-18.22.25:957][  0]LogTemp: Display: Loaded TP AndroidTargetPlatform
[2018.08.11-18.22.25:957][  0]LogTemp: Display: Loaded TP AndroidTargetPlatform
[2018.08.11-18.22.25:957][  0]LogTemp: Display: Loaded TP AndroidTargetPlatform
[2018.08.11-18.22.25:957][  0]LogTemp: Display: Loaded TP AndroidTargetPlatform
[2018.08.11-18.22.25:957][  0]LogTemp: Display: Loaded TP AndroidTargetPlatform
[2018.08.11-18.22.25:957][  0]LogTemp: Display: Loaded TP AndroidTargetPlatform
[2018.08.11-18.22.25:957][  0]LogTemp: Display: Loaded TP AndroidTargetPlatform
[2018.08.11-18.22.25:958][  0]LogTemp: Display: Loaded TP HTML5TargetPlatform
[2018.08.11-18.22.26:014][  0]LogTemp: Display: Loaded TP IOSTargetPlatform
[2018.08.11-18.22.26:014][  0]LogTemp: Display: Loaded TP IOSTargetPlatform
[2018.08.11-18.22.26:034][  0]LogTemp: Display: Loaded TP TVOSTargetPlatform
[2018.08.11-18.22.26:034][  0]LogTemp: Display: Loaded TP TVOSTargetPlatform
[2018.08.11-18.22.26:063][  0]LogTemp: Display: Loaded TP LinuxClientTargetPlatform
[2018.08.11-18.22.26:077][  0]LogTemp: Display: Loaded TP LinuxNoEditorTargetPlatform
[2018.08.11-18.22.26:090][  0]LogTemp: Display: Loaded TP LinuxServerTargetPlatform
[2018.08.11-18.22.26:102][  0]LogTemp: Display: Loaded TP LinuxTargetPlatform
[2018.08.11-18.22.26:125][  0]LogTemp: Display: Loaded TP LuminTargetPlatform
[2018.08.11-18.22.26:125][  0]LogTargetPlatformManager: Display: Building Assets For Windows
[2018.08.11-18.22.26:166][  0]LogXGEController: Cannot use XGE Controller as Incredibuild is not installed on this machine.
[2018.08.11-18.22.26:166][  0]LogShaderCompilers: Cannot use XGE Shader Compiler as Incredibuild is not installed on this machine.
[2018.08.11-18.22.26:166][  0]LogShaderCompilers: Display: Using Local Shader Compiler.
[2018.08.11-18.22.26:784][  0]LogDerivedDataCache: Display: Max Cache Size: 512 MB
[2018.08.11-18.22.26:839][  0]LogDerivedDataCache: Loaded boot cache 0.05s 71MB C:/Users/nevii/AppData/Local/UnrealEngine/4.20/DerivedDataCache/Boot.ddc.
[2018.08.11-18.22.26:839][  0]LogDerivedDataCache: Display: Loaded Boot cache: C:/Users/nevii/AppData/Local/UnrealEngine/4.20/DerivedDataCache/Boot.ddc
[2018.08.11-18.22.26:839][  0]LogDerivedDataCache: FDerivedDataBackendGraph:  Pak pak cache file C:/Users/nevii/Documents/GitHub/Projetos/UE4Script/NVJads/DerivedDataCache/DDC.ddp not found, will not use a pak cache.
[2018.08.11-18.22.26:839][  0]LogDerivedDataCache: Unable to find inner node Pak for hierarchical cache Hierarchy.
[2018.08.11-18.22.26:839][  0]LogDerivedDataCache: FDerivedDataBackendGraph:  CompressedPak pak cache file C:/Users/nevii/Documents/GitHub/Projetos/UE4Script/NVJads/DerivedDataCache/Compressed.ddp not found, will not use a pak cache.
[2018.08.11-18.22.26:839][  0]LogDerivedDataCache: Unable to find inner node CompressedPak for hierarchical cache Hierarchy.
[2018.08.11-18.22.26:852][  0]LogDerivedDataCache: Display: Pak cache opened for reading ../../../Engine/DerivedDataCache/Compressed.ddp.
[2018.08.11-18.22.26:864][  0]LogDerivedDataCache: Using Local data cache path C:/Users/nevii/AppData/Local/UnrealEngine/Common/DerivedDataCache: Writable
[2018.08.11-18.22.26:864][  0]LogDerivedDataCache: Shared data cache path not found in *engine.ini, will not use an Shared cache.
[2018.08.11-18.22.26:864][  0]LogDerivedDataCache: Unable to find inner node Shared for hierarchical cache Hierarchy.
[2018.08.11-18.22.26:889][  0]LogMaterial: Verifying Global Shaders for PCD3D_SM5
[2018.08.11-18.22.26:891][  0]LogSlate: Using FreeType 2.6.0
[2018.08.11-18.22.26:891][  0]LogSlate: SlateFontServices - WITH_FREETYPE: 1, WITH_HARFBUZZ: 1
[2018.08.11-18.22.26:974][  0]LogAssetRegistry: FAssetRegistry took 0.0333 seconds to start up
[2018.08.11-18.22.27:252][  0]LogInit: Selected Device Profile: [Windows]
[2018.08.11-18.22.27:362][  0]LogSimplygon: Simplygon DLL not present - disabling.
[2018.08.11-18.22.27:364][  0]LogMeshReduction: Using SimplygonSwarm for distributed automatic mesh merging
[2018.08.11-18.22.27:364][  0]LogMeshReduction: Using ProxyLODMeshReduction for automatic mesh merging
[2018.08.11-18.22.27:364][  0]LogMeshReduction: Using QuadricMeshReduction for automatic static mesh reduction
[2018.08.11-18.22.27:364][  0]LogMeshReduction: No automatic skeletal mesh reduction module available
[2018.08.11-18.22.27:384][  0]LogNetVersion: NVJads 1.0.0, NetCL: 4212847, EngineNetVer: 5, GameNetVer: 0 (Checksum: 3756126901)
[2018.08.11-18.22.27:822][  0]LogPackageLocalizationCache: Processed 11 localized package path(s) for 1 prioritized culture(s) in 0.059048 seconds
[2018.08.11-18.22.27:829][  0]LogUObjectArray: 38425 objects as part of root set at end of initial load.
[2018.08.11-18.22.27:829][  0]LogUObjectAllocator: 6690872 out of 0 bytes used by permanent object pool.
[2018.08.11-18.22.27:829][  0]LogUObjectArray: CloseDisregardForGC: 0/0 objects in disregard for GC pool
[2018.08.11-18.22.28:609][  0]LogTcpMessaging: Initializing TcpMessaging bridge
[2018.08.11-18.22.28:621][  0]LogUdpMessaging: Initializing bridge on interface 0.0.0.0:0 to multicast group 230.0.0.1:6666.
[2018.08.11-18.22.28:793][  0]SourceControl: Source control is disabled
[2018.08.11-18.22.28:793][  0]SourceControl: Source control is disabled
[2018.08.11-18.22.28:794][  0]SourceControl: Source control is disabled
[2018.08.11-18.22.28:795][  0]SourceControl: Source control is disabled
[2018.08.11-18.22.28:947][  0]LogAndroidPermission: UAndroidPermissionCallbackProxy::GetInstance
[2018.08.11-18.22.29:126][  0]LogOcInput: OculusInput pre-init called
[2018.08.11-18.22.29:183][  0]LogEngine: Initializing Engine...
[2018.08.11-18.22.29:184][  0]LogHMD: Failed to initialize OpenVR with code 110
[2018.08.11-18.22.29:185][  0]LogStats: UGameplayTagsManager::ConstructGameplayTagTree: ImportINI prefixes -  0.000 s
[2018.08.11-18.22.29:185][  0]LogStats: UGameplayTagsManager::ConstructGameplayTagTree: Construct from data asset -  0.000 s
[2018.08.11-18.22.29:186][  0]LogStats: UGameplayTagsManager::ConstructGameplayTagTree: ImportINI -  0.000 s
[2018.08.11-18.22.29:186][  0]LogStats: UGameplayTagsManager::ConstructGameplayTagTree: GameplayTagTreeChangedEvent.Broadcast -  0.000 s
[2018.08.11-18.22.29:398][  0]LogInit: Initializing FReadOnlyCVARCache
[2018.08.11-18.22.29:407][  0]LogAIModule: Creating AISystem for world Untitled
[2018.08.11-18.22.29:482][  0]LogInit: XAudio2 using 'Fone de ouvido do headset (Razer Kraken 7.1)' : 2 channels at 48 kHz using 16 bits per sample (channel mask 0x3)
[2018.08.11-18.22.29:503][  0]LogInit: FAudioDevice initialized.
[2018.08.11-18.22.29:504][  0]LogNetVersion: Set ProjectVersion to 1.0.0.0. Version Checksum will be recalculated on next use.
[2018.08.11-18.22.29:578][  0]LogDerivedDataCache: Saved boot cache 0.07s 71MB C:/Users/nevii/AppData/Local/UnrealEngine/4.20/DerivedDataCache/Boot.ddc.
[2018.08.11-18.22.29:589][  0]LogInit: Texture streaming: Enabled
[2018.08.11-18.22.29:602][  0]LogEngineSessionManager: EngineSessionManager initialized
[2018.08.11-18.22.29:616][  0]LogInit: Transaction tracking system initialized
[2018.08.11-18.22.29:630][  0]BlueprintLog: New page: Editor Load
[2018.08.11-18.22.29:680][  0]LocalizationService: Localization service is disabled
[2018.08.11-18.22.29:891][  0]LogCook: Display: Max memory allowance for cook 16384mb min free memory 0mb
[2018.08.11-18.22.29:891][  0]LogCook: Display: Mobile HDR setting 1
[2018.08.11-18.22.29:891][  0]LogGameplayTags: Display: UGameplayTagsManager::DoneAddingNativeTags. DelegateIsBound: 0
[2018.08.11-18.22.29:891][  0]LogStats: UGameplayTagsManager::ConstructGameplayTagTree: ImportINI prefixes -  0.000 s
[2018.08.11-18.22.29:891][  0]LogStats: UGameplayTagsManager::ConstructGameplayTagTree: Construct from data asset -  0.000 s
[2018.08.11-18.22.29:891][  0]LogStats: UGameplayTagsManager::ConstructGameplayTagTree: ImportINI -  0.000 s
[2018.08.11-18.22.29:891][  0]LogStats: UGameplayTagsManager::ConstructGameplayTagTree: GameplayTagTreeChangedEvent.Broadcast -  0.000 s
[2018.08.11-18.22.29:981][  0]LogFileCache: Scanning file cache for directory 'C:/Users/nevii/Documents/GitHub/Projetos/UE4Script/NVJads/Content/' took 0.02s
[2018.08.11-18.22.29:981][  0]SourceControl: Source control is disabled
[2018.08.11-18.22.29:981][  0]Cmd: MAP LOAD FILE="C:/Users/nevii/Documents/GitHub/Projetos/UE4Script/NVJads/Content/ThirdPersonBP/Maps/ThirdPersonExampleMap.umap" TEMPLATE=0 SHOWPROGRESS=1 FEATURELEVEL=3
[2018.08.11-18.22.29:981][  0]LogEditorServer: Warning: Can't find file 'C:/Users/nevii/Documents/GitHub/Projetos/UE4Script/NVJads/Content/ThirdPersonBP/Maps/ThirdPersonExampleMap.umap'
[2018.08.11-18.22.29:981][  0]Cmd: MAP CHECKDEP NOCLEARLOG
[2018.08.11-18.22.30:024][  0]MapCheck: Map check complete: 0 Error(s), 0 Warning(s), took 42.757ms to complete.
[2018.08.11-18.22.30:024][  0]LogFileHelpers: Loading map 'ThirdPersonExampleMap' took 0.043
[2018.08.11-18.22.30:181][  0]LogSlate: Updating window title bar state: overlay mode, drag disabled, window buttons hidden, title bar hidden
[2018.08.11-18.22.30:187][  0]LogSlate: Updating window title bar state: overlay mode, drag disabled, window buttons hidden, title bar hidden
[2018.08.11-18.22.30:193][  0]LogSlate: Updating window title bar state: overlay mode, drag disabled, window buttons hidden, title bar hidden
[2018.08.11-18.22.30:199][  0]LogSlate: Updating window title bar state: overlay mode, drag disabled, window buttons hidden, title bar hidden
[2018.08.11-18.22.30:203][  0]LogCollectionManager: Loaded 0 collections in 0.000715 seconds
[2018.08.11-18.22.30:247][  0]LogFileCache: Scanning file cache for directory 'C:/Users/nevii/Documents/GitHub/Projetos/UE4Script/NVJads/Saved/Collections/' took 0.01s
[2018.08.11-18.22.30:247][  0]LogFileCache: Scanning file cache for directory 'C:/Users/nevii/Documents/GitHub/Projetos/UE4Script/NVJads/Content/Developers/nevii/Collections/' took 0.01s
[2018.08.11-18.22.30:247][  0]LogFileCache: Scanning file cache for directory 'C:/Users/nevii/Documents/GitHub/Projetos/UE4Script/NVJads/Content/Collections/' took 0.01s
[2018.08.11-18.22.30:247][  0]LogCollectionManager: Rebuilt the GUID cache for 0 collections in 0.000000 seconds
[2018.08.11-18.22.30:255][  0]LogContentBrowser: Native class hierarchy populated in 0.0078 seconds. Added 2572 classes and 603 folders.
[2018.08.11-18.22.30:259][  0]LogContentBrowser: Native class hierarchy updated for 'WidgetCarousel' in 0.0002 seconds. Added 0 classes and 0 folders.
[2018.08.11-18.22.30:295][  0]LogContentBrowser: Native class hierarchy updated for 'AddContentDialog' in 0.0002 seconds. Added 0 classes and 0 folders.
[2018.08.11-18.22.30:299][  0]LogContentBrowser: Native class hierarchy updated for 'SceneOutliner' in 0.0002 seconds. Added 1 classes and 2 folders.
[2018.08.11-18.22.30:351][  0]LogContentBrowser: Native class hierarchy updated for 'HierarchicalLODOutliner' in 0.0002 seconds. Added 0 classes and 0 folders.
[2018.08.11-18.22.30:352][  0]LogLoad: (Engine Initialization) Total time: 7.59 seconds
[2018.08.11-18.22.30:352][  0]LogLoad: (Engine Initialization) Total Blueprint compile time: 0.00 seconds
[2018.08.11-18.22.30:362][  0]LogWindowsTextInputMethodSystem: Display: IME system now deactivated.
[2018.08.11-18.22.30:381][  0]LogAssetRegistry: Asset discovery search completed in 3.4302 seconds
[2018.08.11-18.22.30:382][  0]LogCollectionManager: Rebuilt the object cache for 0 collections in 0.000001 seconds (found 0 objects)
[2018.08.11-18.22.30:382][  0]LogCollectionManager: Fixed up redirectors for 0 collections in 0.000036 seconds (updated 0 objects)
[2018.08.11-18.22.30:383][  0]LogContentStreaming: Texture pool size now 3000 MB
[2018.08.11-18.22.30:391][  0]LogSlate: Took 0.000224 seconds to synchronously load lazily loaded font '../../../Engine/Content/Slate/Fonts/Roboto-Regular.ttf' (155K)
[2018.08.11-18.22.30:392][  0]LogSlate: Took 0.000141 seconds to synchronously load lazily loaded font '../../../Engine/Content/Slate/Fonts/Roboto-Bold.ttf' (160K)
[2018.08.11-18.22.30:396][  0]LogSlate: Took 0.000170 seconds to synchronously load lazily loaded font '../../../Engine/Content/Editor/Slate/Fonts/FontAwesome.ttf' (139K)
[2018.08.11-18.22.30:496][  0]LogRenderer: Reallocating scene render targets to support 1280x684 Format 10 NumSamples 1 (Frame:1).
[2018.08.11-18.22.39:526][914]LogSlate: FSceneViewport::OnFocusLost() reason 0
[2018.08.11-18.22.45:992][685]LogTemp: Repeating last play command: Selected Viewport
[2018.08.11-18.22.46:005][685]LogPlayLevel: PlayLevel: No blueprints needed recompiling
[2018.08.11-18.22.46:017][685]PIE: New page: PIE session: Untitled_0 (Aug 11, 2018, 12:22:46 PM)
[2018.08.11-18.22.46:017][685]LogPlayLevel: Creating play world package: /Temp/UEDPIE_0_Untitled_0
[2018.08.11-18.22.46:018][685]LogPlayLevel: PIE: StaticDuplicateObject took: (0.000673s)
[2018.08.11-18.22.46:018][685]LogAIModule: Creating AISystem for world Untitled
[2018.08.11-18.22.46:018][685]LogPlayLevel: PIE: World Init took: (0.000545s)
[2018.08.11-18.22.46:018][685]LogPlayLevel: PIE: Created PIE world by copying editor world from /Temp/Untitled_0.Untitled to /Temp/UEDPIE_0_Untitled_0.Untitled (0.001325s)
[2018.08.11-18.22.46:070][685]LogInit: XAudio2 using 'Fone de ouvido do headset (Razer Kraken 7.1)' : 2 channels at 48 kHz using 16 bits per sample (channel mask 0x3)
[2018.08.11-18.22.46:080][685]LogInit: FAudioDevice initialized.
[2018.08.11-18.22.46:329][685]LogLoad: Game class is 'ThirdPersonGameMode_C'
[2018.08.11-18.22.46:331][685]LogWorld: Bringing World /Temp/UEDPIE_0_Untitled_0.Untitled up for play (max tick rate 0) at 2018.08.11-15.22.46
[2018.08.11-18.22.46:331][685]LogWorld: Bringing up level for play took: 0.000326
[2018.08.11-18.22.46:346][685]LogContentBrowser: Native class hierarchy updated for 'MovieSceneCapture' in 0.0003 seconds. Added 10 classes and 0 folders.
[2018.08.11-18.22.46:348][685]PIE: Play in editor start time for /Temp/UEDPIE_0_Untitled_0 1.24
[2018.08.11-18.22.58:122][ 84]LogSlate: Updating window title bar state: overlay mode, drag disabled, window buttons hidden, title bar hidden
[2018.08.11-18.22.58:152][ 84]LogPlayLevel: Display: Shutting down PIE online subsystems
[2018.08.11-18.22.58:178][ 84]LogSlate: Updating window title bar state: overlay mode, drag disabled, window buttons hidden, title bar hidden
[2018.08.11-18.22.58:229][ 90]LogPlayLevel: Display: Destroying online subsystem :Context_1
[2018.08.11-18.23.02:945][653]LogSlate: FSceneViewport::OnFocusLost() reason 0
[2018.08.11-18.23.17:706][389]LogAIModule: Creating AISystem for world Level1
[2018.08.11-18.23.28:984][719]LogSlate: Took 0.000212 seconds to synchronously load lazily loaded font '../../../Engine/Content/Slate/Fonts/Roboto-Light.ttf' (167K)
[2018.08.11-18.23.28:994][719]LogAssetEditorManager: Opening Asset editor for World /Game/ThirdPersonBP/Maps/Level1.Level1
[2018.08.11-18.23.29:020][719]Cmd: MAP LOAD FILE="C:/Users/nevii/Documents/GitHub/Projetos/UE4Script/NVJads/Content/ThirdPersonBP/Maps/Level1.umap" TEMPLATE=0 SHOWPROGRESS=1 FEATURELEVEL=3
[2018.08.11-18.23.29:022][719]LightingResults: New page: Lighting Build
[2018.08.11-18.23.29:024][719]LogContentBrowser: Native class hierarchy updated for 'StatsViewer' in 0.0003 seconds. Added 5 classes and 0 folders.
[2018.08.11-18.23.29:025][719]LoadErrors: New page: Loading map: Level1.umap
[2018.08.11-18.23.29:025][719]MapCheck: New page: Map Check
[2018.08.11-18.23.29:025][719]LightingResults: New page: Lighting Build
[2018.08.11-18.23.29:050][719]LogEditorServer: Finished looking for orphan Actors (0.000 secs)
[2018.08.11-18.23.29:092][719]Cmd: MAP CHECKDEP NOCLEARLOG
[2018.08.11-18.23.29:148][719]MapCheck: Map check complete: 0 Error(s), 0 Warning(s), took 55.949ms to complete.
[2018.08.11-18.23.29:150][719]LogFileHelpers: Loading map 'Level1' took 0.131
[2018.08.11-18.23.34:846][326]LogTemp: Repeating last play command: Selected Viewport
[2018.08.11-18.23.34:859][326]LogBlueprintUserMessages: Early PlayInEditor Detection: Level '/Game/ThirdPersonBP/Maps/Level1.Level1:PersistentLevel' has LevelScriptBlueprint '/Game/ThirdPersonBP/Maps/Level1.Level1:PersistentLevel.Level1' with GeneratedClass '/Game/ThirdPersonBP/Maps/Level1.Level1_C' with ClassGeneratedBy '/Game/ThirdPersonBP/Maps/Level1.Level1:PersistentLevel.Level1'
[2018.08.11-18.23.34:859][326]LogPlayLevel: PlayLevel: No blueprints needed recompiling
[2018.08.11-18.23.34:859][326]PIE: New page: PIE session: Level1 (Aug 11, 2018, 12:23:34 PM)
[2018.08.11-18.23.34:859][326]LogPlayLevel: Creating play world package: /Game/ThirdPersonBP/Maps/UEDPIE_0_Level1
[2018.08.11-18.23.34:878][326]LogPlayLevel: PIE: StaticDuplicateObject took: (0.018731s)
[2018.08.11-18.23.34:878][326]LogAIModule: Creating AISystem for world Level1
[2018.08.11-18.23.34:879][326]LogPlayLevel: PIE: World Init took: (0.000726s)
[2018.08.11-18.23.34:879][326]LogPlayLevel: PIE: Created PIE world by copying editor world from /Game/ThirdPersonBP/Maps/Level1.Level1 to /Game/ThirdPersonBP/Maps/UEDPIE_0_Level1.Level1 (0.019594s)
[2018.08.11-18.23.34:937][326]LogInit: XAudio2 using 'Fone de ouvido do headset (Razer Kraken 7.1)' : 2 channels at 48 kHz using 16 bits per sample (channel mask 0x3)
[2018.08.11-18.23.34:948][326]LogInit: FAudioDevice initialized.
[2018.08.11-18.23.34:983][326]LogLoad: Game class is 'ThirdPersonGameMode_C'
[2018.08.11-18.23.34:985][326]LogWorld: Bringing World /Game/ThirdPersonBP/Maps/UEDPIE_0_Level1.Level1 up for play (max tick rate 0) at 2018.08.11-15.23.34
[2018.08.11-18.23.34:985][326]LogWorld: Bringing up level for play took: 0.001216
[2018.08.11-18.23.35:000][326]PIE: Play in editor start time for /Game/ThirdPersonBP/Maps/UEDPIE_0_Level1 -0.108
[2018.08.11-18.23.35:000][326]LogBlueprintUserMessages: Late PlayInEditor Detection: Level '/Game/ThirdPersonBP/Maps/Level1.Level1:PersistentLevel' has LevelScriptBlueprint '/Game/ThirdPersonBP/Maps/Level1.Level1:PersistentLevel.Level1' with GeneratedClass '/Game/ThirdPersonBP/Maps/Level1.Level1_C' with ClassGeneratedBy '/Game/ThirdPersonBP/Maps/Level1.Level1:PersistentLevel.Level1'
[2018.08.11-18.23.50:334][158]LogBlueprintUserMessages: Early EndPlayMap Detection: Level '/Game/ThirdPersonBP/Maps/Level1.Level1:PersistentLevel' has LevelScriptBlueprint '/Game/ThirdPersonBP/Maps/Level1.Level1:PersistentLevel.Level1' with GeneratedClass '/Game/ThirdPersonBP/Maps/Level1.Level1_C' with ClassGeneratedBy '/Game/ThirdPersonBP/Maps/Level1.Level1:PersistentLevel.Level1'
[2018.08.11-18.23.50:334][158]LogSlate: Updating window title bar state: overlay mode, drag disabled, window buttons hidden, title bar hidden
[2018.08.11-18.23.50:362][158]LogPlayLevel: Display: Shutting down PIE online subsystems
[2018.08.11-18.23.50:363][158]LogBlueprintUserMessages: Late EndPlayMap Detection: Level '/Game/ThirdPersonBP/Maps/Level1.Level1:PersistentLevel' has LevelScriptBlueprint '/Game/ThirdPersonBP/Maps/Level1.Level1:PersistentLevel.Level1' with GeneratedClass '/Game/ThirdPersonBP/Maps/Level1.Level1_C' with ClassGeneratedBy '/Game/ThirdPersonBP/Maps/Level1.Level1:PersistentLevel.Level1'
[2018.08.11-18.23.50:400][158]LogSlate: Updating window title bar state: overlay mode, drag disabled, window buttons hidden, title bar hidden
[2018.08.11-18.23.50:436][161]LogPlayLevel: Display: Destroying online subsystem :Context_3
[2018.08.11-18.24.11:416][669]LogEditorViewport: Clicking on Actor (LMB): StaticMeshActor (Wall9)
[2018.08.11-18.24.15:358][131]LogEditorViewport: Clicking on Actor (LMB): PlayerStart (NetworkPlayerStart)
[2018.08.11-18.24.18:910][548]LogNavigationPoint: PostEditMove Clear paths rebuilt
[2018.08.11-18.24.22:173][937]LogNavigationPoint: PostEditMove Clear paths rebuilt
[2018.08.11-18.24.37:352][687]LogEditorViewport: Clicking on Actor (context menu): StaticMeshActor (Wall7)
[2018.08.11-18.24.37:421][687]LogSlate: FSceneViewport::OnFocusLost() reason 2
[2018.08.11-18.24.38:870][853]LogEditorViewport: Clicking on Actor (LMB): BP_Sky_Sphere_C (SkySphereBlueprint)
[2018.08.11-18.24.42:066][230]LogSlate: FSceneViewport::OnFocusLost() reason 0
[2018.08.11-18.24.42:156][241]LogTemp: Repeating last play command: Selected Viewport
[2018.08.11-18.24.42:168][241]LogBlueprintUserMessages: Early PlayInEditor Detection: Level '/Game/ThirdPersonBP/Maps/Level1.Level1:PersistentLevel' has LevelScriptBlueprint '/Game/ThirdPersonBP/Maps/Level1.Level1:PersistentLevel.Level1' with GeneratedClass '/Game/ThirdPersonBP/Maps/Level1.Level1_C' with ClassGeneratedBy '/Game/ThirdPersonBP/Maps/Level1.Level1:PersistentLevel.Level1'
[2018.08.11-18.24.42:168][241]LogPlayLevel: PlayLevel: No blueprints needed recompiling
[2018.08.11-18.24.42:168][241]PIE: New page: PIE session: Level1 (Aug 11, 2018, 12:24:42 PM)
[2018.08.11-18.24.42:168][241]LogPlayLevel: Creating play world package: /Game/ThirdPersonBP/Maps/UEDPIE_0_Level1
[2018.08.11-18.24.42:178][241]LogPlayLevel: PIE: StaticDuplicateObject took: (0.009433s)
[2018.08.11-18.24.42:178][241]LogAIModule: Creating AISystem for world Level1
[2018.08.11-18.24.42:178][241]LogPlayLevel: PIE: World Init took: (0.000620s)
[2018.08.11-18.24.42:178][241]LogPlayLevel: PIE: Created PIE world by copying editor world from /Game/ThirdPersonBP/Maps/Level1.Level1 to /Game/ThirdPersonBP/Maps/UEDPIE_0_Level1.Level1 (0.010168s)
[2018.08.11-18.24.42:231][241]LogInit: XAudio2 using 'Fone de ouvido do headset (Razer Kraken 7.1)' : 2 channels at 48 kHz using 16 bits per sample (channel mask 0x3)
[2018.08.11-18.24.42:243][241]LogInit: FAudioDevice initialized.
[2018.08.11-18.24.42:273][241]LogLoad: Game class is 'ThirdPersonGameMode_C'
[2018.08.11-18.24.42:275][241]LogWorld: Bringing World /Game/ThirdPersonBP/Maps/UEDPIE_0_Level1.Level1 up for play (max tick rate 0) at 2018.08.11-15.24.42
[2018.08.11-18.24.42:275][241]LogWorld: Bringing up level for play took: 0.001397
[2018.08.11-18.24.42:290][241]PIE: Play in editor start time for /Game/ThirdPersonBP/Maps/UEDPIE_0_Level1 -0.817
[2018.08.11-18.24.42:290][241]LogBlueprintUserMessages: Late PlayInEditor Detection: Level '/Game/ThirdPersonBP/Maps/Level1.Level1:PersistentLevel' has LevelScriptBlueprint '/Game/ThirdPersonBP/Maps/Level1.Level1:PersistentLevel.Level1' with GeneratedClass '/Game/ThirdPersonBP/Maps/Level1.Level1_C' with ClassGeneratedBy '/Game/ThirdPersonBP/Maps/Level1.Level1:PersistentLevel.Level1'
[2018.08.11-18.24.46:257][712]LogBlueprintUserMessages: Early EndPlayMap Detection: Level '/Game/ThirdPersonBP/Maps/Level1.Level1:PersistentLevel' has LevelScriptBlueprint '/Game/ThirdPersonBP/Maps/Level1.Level1:PersistentLevel.Level1' with GeneratedClass '/Game/ThirdPersonBP/Maps/Level1.Level1_C' with ClassGeneratedBy '/Game/ThirdPersonBP/Maps/Level1.Level1:PersistentLevel.Level1'
[2018.08.11-18.24.46:257][712]LogSlate: Updating window title bar state: overlay mode, drag disabled, window buttons hidden, title bar hidden
[2018.08.11-18.24.46:289][712]LogPlayLevel: Display: Shutting down PIE online subsystems
[2018.08.11-18.24.46:289][712]LogBlueprintUserMessages: Late EndPlayMap Detection: Level '/Game/ThirdPersonBP/Maps/Level1.Level1:PersistentLevel' has LevelScriptBlueprint '/Game/ThirdPersonBP/Maps/Level1.Level1:PersistentLevel.Level1' with GeneratedClass '/Game/ThirdPersonBP/Maps/Level1.Level1_C' with ClassGeneratedBy '/Game/ThirdPersonBP/Maps/Level1.Level1:PersistentLevel.Level1'
[2018.08.11-18.24.46:321][712]LogSlate: Updating window title bar state: overlay mode, drag disabled, window buttons hidden, title bar hidden
[2018.08.11-18.24.46:363][716]LogPlayLevel: Display: Destroying online subsystem :Context_6
[2018.08.11-18.24.48:283][942]LogEditorViewport: Clicking on Actor (LMB): PlayerStart (NetworkPlayerStart)
[2018.08.11-18.24.59:761][264]LogNavigationPoint: PostEditMove Clear paths rebuilt
[2018.08.11-18.25.04:155][787]LogNavigationPoint: PostEditMove Clear paths rebuilt
[2018.08.11-18.25.05:527][949]LogSlate: FSceneViewport::OnFocusLost() reason 0
[2018.08.11-18.25.05:643][963]LogTemp: Repeating last play command: Selected Viewport
[2018.08.11-18.25.05:655][963]LogBlueprintUserMessages: Early PlayInEditor Detection: Level '/Game/ThirdPersonBP/Maps/Level1.Level1:PersistentLevel' has LevelScriptBlueprint '/Game/ThirdPersonBP/Maps/Level1.Level1:PersistentLevel.Level1' with GeneratedClass '/Game/ThirdPersonBP/Maps/Level1.Level1_C' with ClassGeneratedBy '/Game/ThirdPersonBP/Maps/Level1.Level1:PersistentLevel.Level1'
[2018.08.11-18.25.05:655][963]LogPlayLevel: PlayLevel: No blueprints needed recompiling
[2018.08.11-18.25.05:655][963]PIE: New page: PIE session: Level1 (Aug 11, 2018, 12:25:05 PM)
[2018.08.11-18.25.05:655][963]LogPlayLevel: Creating play world package: /Game/ThirdPersonBP/Maps/UEDPIE_0_Level1
[2018.08.11-18.25.05:665][963]LogPlayLevel: PIE: StaticDuplicateObject took: (0.009075s)
[2018.08.11-18.25.05:665][963]LogAIModule: Creating AISystem for world Level1
[2018.08.11-18.25.05:665][963]LogPlayLevel: PIE: World Init took: (0.000661s)
[2018.08.11-18.25.05:665][963]LogPlayLevel: PIE: Created PIE world by copying editor world from /Game/ThirdPersonBP/Maps/Level1.Level1 to /Game/ThirdPersonBP/Maps/UEDPIE_0_Level1.Level1 (0.009852s)
[2018.08.11-18.25.05:718][963]LogInit: XAudio2 using 'Fone de ouvido do headset (Razer Kraken 7.1)' : 2 channels at 48 kHz using 16 bits per sample (channel mask 0x3)
[2018.08.11-18.25.05:727][963]LogInit: FAudioDevice initialized.
[2018.08.11-18.25.05:755][963]LogLoad: Game class is 'ThirdPersonGameMode_C'
[2018.08.11-18.25.05:756][963]LogWorld: Bringing World /Game/ThirdPersonBP/Maps/UEDPIE_0_Level1.Level1 up for play (max tick rate 0) at 2018.08.11-15.25.05
[2018.08.11-18.25.05:756][963]LogWorld: Bringing up level for play took: 0.000705
[2018.08.11-18.25.05:771][963]PIE: Play in editor start time for /Game/ThirdPersonBP/Maps/UEDPIE_0_Level1 0.663
[2018.08.11-18.25.05:771][963]LogBlueprintUserMessages: Late PlayInEditor Detection: Level '/Game/ThirdPersonBP/Maps/Level1.Level1:PersistentLevel' has LevelScriptBlueprint '/Game/ThirdPersonBP/Maps/Level1.Level1:PersistentLevel.Level1' with GeneratedClass '/Game/ThirdPersonBP/Maps/Level1.Level1_C' with ClassGeneratedBy '/Game/ThirdPersonBP/Maps/Level1.Level1:PersistentLevel.Level1'
[2018.08.11-18.25.15:096][ 75]LogBlueprintUserMessages: Early EndPlayMap Detection: Level '/Game/ThirdPersonBP/Maps/Level1.Level1:PersistentLevel' has LevelScriptBlueprint '/Game/ThirdPersonBP/Maps/Level1.Level1:PersistentLevel.Level1' with GeneratedClass '/Game/ThirdPersonBP/Maps/Level1.Level1_C' with ClassGeneratedBy '/Game/ThirdPersonBP/Maps/Level1.Level1:PersistentLevel.Level1'
[2018.08.11-18.25.15:096][ 75]LogSlate: Updating window title bar state: overlay mode, drag disabled, window buttons hidden, title bar hidden
[2018.08.11-18.25.15:130][ 75]LogPlayLevel: Display: Shutting down PIE online subsystems
[2018.08.11-18.25.15:130][ 75]LogBlueprintUserMessages: Late EndPlayMap Detection: Level '/Game/ThirdPersonBP/Maps/Level1.Level1:PersistentLevel' has LevelScriptBlueprint '/Game/ThirdPersonBP/Maps/Level1.Level1:PersistentLevel.Level1' with GeneratedClass '/Game/ThirdPersonBP/Maps/Level1.Level1_C' with ClassGeneratedBy '/Game/ThirdPersonBP/Maps/Level1.Level1:PersistentLevel.Level1'
[2018.08.11-18.25.15:158][ 75]LogSlate: Updating window title bar state: overlay mode, drag disabled, window buttons hidden, title bar hidden
[2018.08.11-18.25.15:197][ 78]LogPlayLevel: Display: Destroying online subsystem :Context_7
[2018.08.11-18.25.19:551][598]LogSlate: FSceneViewport::OnFocusLost() reason 0
[2018.08.11-18.25.19:851][617]LogSavePackage: Moving 'C:/Users/nevii/Documents/GitHub/Projetos/UE4Script/NVJads/Saved/Level14F7665B64A75C6296D7437A62954F277.tmp' to 'C:/Users/nevii/Documents/GitHub/Projetos/UE4Script/NVJads/Content/ThirdPersonBP/Maps/Level1.umap'
[2018.08.11-18.25.19:883][617]Cmd: OBJ SAVEPACKAGE PACKAGE="/Game/ThirdPersonBP/Maps/Level1_BuiltData" FILE="C:/Users/nevii/Documents/GitHub/Projetos/UE4Script/NVJads/Content/ThirdPersonBP/Maps/Level1_BuiltData.uasset" SILENT=true
[2018.08.11-18.25.20:049][617]LogSavePackage: Moving 'C:/Users/nevii/Documents/GitHub/Projetos/UE4Script/NVJads/Saved/Level1_BuiltData20DD571B41A391725B798197CDFDABD6.tmp' to 'C:/Users/nevii/Documents/GitHub/Projetos/UE4Script/NVJads/Content/ThirdPersonBP/Maps/Level1_BuiltData.uasset'
